<?xml version="1.0" encoding="UTF-8"?>
<!-- Generated by org.testng.reporters.JUnitXMLReporter -->
<testsuite ignored="3" hostname="SWPD-EM-APPLE" failures="0" tests="0" time="0.082" errors="0" timestamp="2024-04-05T13:49:44 PDT">
  <testcase classname="com.qa.BaseTest" name="@BeforeTest beforeTest" time="0.029">
    <failure type="java.lang.NullPointerException" message="inStream parameter is null">
      <![CDATA[java.lang.NullPointerException: inStream parameter is null
at java.base/java.util.Objects.requireNonNull(Objects.java:235)
at java.base/java.util.Properties.load(Properties.java:407)
at com.qa.BaseTest.beforeTest(BaseTest.java:44)
... Removed 24 stack frames]]>
    </failure>
  </testcase> <!-- @BeforeTest beforeTest -->
  <testcase classname="com.qa.BaseTest" name="@AfterTest afterTest" time="0.0">
    <skipped/>
  </testcase> <!-- @AfterTest afterTest -->
  <testcase classname="com.qa.tests.LoginTests" name="successfulLogin" time="0.0">
    <ignored/>
  </testcase> <!-- successfulLogin -->
  <testcase classname="com.qa.tests.LoginTests" name="invalidPassword" time="0.0">
    <ignored/>
  </testcase> <!-- invalidPassword -->
  <testcase classname="com.qa.tests.LoginTests" name="invalidUsername" time="0.0">
    <ignored/>
  </testcase> <!-- invalidUsername -->
</testsuite>
